{
  "RSpec": {
    "coverage": {
      "/Users/Sy_borg/LucidDreamer/spec/models/dream_spec.rb": [
        1,
        null,
        1,
        1,
        1,
        1,
        null,
        1,
        1,
        null,
        null,
        1,
        1,
        1,
        null,
        1,
        1,
        null,
        null,
        null
      ],
      "/Users/Sy_borg/LucidDreamer/spec/rails_helper.rb": [
        null,
        1,
        null,
        1,
        null,
        1,
        1,
        1,
        1,
        1,
        null,
        null,
        null,
        null,
        null,
        null,
        null,
        null,
        null,
        null,
        null,
        null,
        null,
        null,
        null,
        3,
        null,
        null,
        null,
        1,
        null,
        1,
        1,
        1,
        1,
        1,
        null,
        null,
        null,
        1,
        null,
        null,
        null,
        null,
        1,
        null,
        null,
        null,
        null,
        null,
        null,
        null,
        null,
        null,
        null,
        null,
        null,
        null,
        null,
        1,
        null
      ],
      "/Users/Sy_borg/LucidDreamer/config/environment.rb": [
        null,
        1,
        null,
        null,
        1
      ],
      "/Users/Sy_borg/LucidDreamer/config/application.rb": [
        1,
        null,
        1,
        null,
        1,
        1,
        1,
        1,
        1,
        1,
        1,
        null,
        null,
        null,
        null,
        1,
        null,
        1,
        1,
        null,
        null,
        null,
        null,
        null,
        null,
        null,
        null,
        null,
        null,
        null,
        null,
        null,
        1,
        null,
        null
      ],
      "/Users/Sy_borg/LucidDreamer/config/boot.rb": [
        1,
        null,
        1
      ],
      "/Users/Sy_borg/LucidDreamer/config/environments/test.rb": [
        1,
        null,
        null,
        null,
        null,
        null,
        null,
        1,
        null,
        null,
        null,
        null,
        1,
        null,
        null,
        1,
        1,
        null,
        null,
        1,
        1,
        null,
        null,
        1,
        null,
        null,
        1,
        null,
        null,
        null,
        null,
        1,
        null,
        null,
        1,
        null,
        null,
        1,
        null,
        null,
        null,
        null
      ],
      "/Users/Sy_borg/LucidDreamer/config/initializers/assets.rb": [
        null,
        null,
        null,
        1,
        null,
        null,
        null,
        null,
        null,
        null,
        null
      ],
      "/Users/Sy_borg/LucidDreamer/config/initializers/backtrace_silencers.rb": [
        null,
        null,
        null,
        null,
        null,
        null,
        null
      ],
      "/Users/Sy_borg/LucidDreamer/config/initializers/cookies_serializer.rb": [
        null,
        null,
        1
      ],
      "/Users/Sy_borg/LucidDreamer/config/initializers/filter_parameter_logging.rb": [
        null,
        null,
        null,
        1
      ],
      "/Users/Sy_borg/LucidDreamer/config/initializers/inflections.rb": [
        null,
        null,
        null,
        null,
        null,
        null,
        null,
        null,
        null,
        null,
        null,
        null,
        null,
        null,
        null,
        null
      ],
      "/Users/Sy_borg/LucidDreamer/config/initializers/mime_types.rb": [
        null,
        null,
        null,
        null
      ],
      "/Users/Sy_borg/LucidDreamer/config/initializers/session_store.rb": [
        null,
        null,
        1
      ],
      "/Users/Sy_borg/LucidDreamer/config/initializers/wrap_parameters.rb": [
        null,
        null,
        null,
        null,
        null,
        null,
        1,
        1,
        null,
        null,
        null,
        null,
        null,
        null
      ],
      "/Users/Sy_borg/LucidDreamer/spec/factories/dream.rb": [
        1,
        1,
        1,
        1,
        null,
        null,
        1,
        1,
        null,
        null
      ],
      "/Users/Sy_borg/LucidDreamer/spec/factories/dreamer.rb": [
        1,
        1,
        1,
        1,
        1,
        1,
        1,
        1,
        null,
        null,
        1,
        1,
        1,
        1,
        1,
        1,
        1,
        null,
        null
      ],
      "/Users/Sy_borg/LucidDreamer/spec/factories/recipe.rb": [
        1,
        1,
        1,
        null,
        null
      ],
      "/Users/Sy_borg/LucidDreamer/spec/factories/step.rb": [
        1,
        1,
        1,
        null,
        null
      ],
      "/Users/Sy_borg/LucidDreamer/config/routes.rb": [
        1,
        1,
        null,
        1,
        1,
        null,
        1,
        1,
        1,
        1,
        null,
        1,
        1,
        1,
        null,
        1,
        1,
        1,
        1,
        1,
        null,
        1,
        1,
        null,
        null
      ],
      "/Users/Sy_borg/LucidDreamer/spec/support/factory_girl.rb": [
        null,
        null,
        1,
        1,
        null
      ],
      "/Users/Sy_borg/LucidDreamer/spec/support/login_macros.rb": [
        1,
        1,
        0,
        null,
        null
      ],
      "/Users/Sy_borg/LucidDreamer/app/models/dream.rb": [
        1,
        1,
        1,
        1,
        null,
        1,
        0,
        0,
        0,
        0,
        null,
        0,
        0,
        0,
        0,
        0,
        0,
        null,
        0,
        null,
        null,
        null
      ],
      "/Users/Sy_borg/LucidDreamer/spec/models/dreamer_spec.rb": [
        1,
        null,
        1,
        1,
        1,
        1,
        null,
        1,
        1,
        null,
        null,
        1,
        1,
        1,
        null,
        1,
        1,
        null,
        1,
        1,
        null,
        1,
        1,
        null,
        null,
        null
      ],
      "/Users/Sy_borg/LucidDreamer/app/models/dreamer.rb": [
        1,
        1,
        1,
        1,
        1,
        1,
        1,
        1,
        null
      ],
      "/Users/Sy_borg/LucidDreamer/spec/models/favorite_spec.rb": [
        1,
        null,
        1,
        1,
        1,
        1,
        null,
        1,
        1,
        null,
        null,
        null
      ],
      "/Users/Sy_borg/LucidDreamer/app/models/favorite.rb": [
        1,
        1,
        1,
        null
      ],
      "/Users/Sy_borg/LucidDreamer/spec/models/recipe_spec.rb": [
        1,
        null,
        1,
        1,
        1,
        1,
        null,
        null,
        null
      ],
      "/Users/Sy_borg/LucidDreamer/app/models/recipe.rb": [
        1,
        1,
        1,
        1,
        0,
        null,
        null
      ],
      "/Users/Sy_borg/LucidDreamer/spec/models/step_spec.rb": [
        1,
        null,
        1,
        1,
        1,
        1,
        null,
        null,
        null
      ],
      "/Users/Sy_borg/LucidDreamer/app/models/step.rb": [
        1,
        1,
        1,
        0,
        null,
        null
      ]
    },
    "timestamp": 1442709906
  }
}
